#
# A fatal error has been detected by the Java Runtime Environment:
#
#  EXCEPTION_ACCESS_VIOLATION (0xc0000005) at pc=0x0000000063d7fbab, pid=8128, tid=0x0000000000002fc4
#
# JRE version: Java(TM) SE Runtime Environment (8.0_111-b14) (build 1.8.0_111-b14)
# Java VM: Java HotSpot(TM) 64-Bit Server VM (25.111-b14 mixed mode windows-amd64 compressed oops)
# Problematic frame:
# V  [jvm.dll+0x46fbab]
#
# Failed to write core dump. Minidumps are not enabled by default on client versions of Windows
#
# If you would like to submit a bug report, please visit:
#   http://bugreport.java.com/bugreport/crash.jsp
#

---------------  T H R E A D  ---------------

Current thread (0x000000001df77800):  JavaThread "C2 CompilerThread2" daemon [_thread_in_native, id=12228, stack(0x000000001e960000,0x000000001ea60000)]

siginfo: ExceptionCode=0xc0000005, reading address 0x0000000000001004

Registers:
RAX=0x0000000000000401, RBX=0x0000000020e9be64, RCX=0x0000000000000005, RDX=0x0000000000000000
RSP=0x000000001ea5bd68, RBP=0x000000001ea5bde0, RSI=0x0000000000000002, RDI=0x000000001ea5be40
R8 =0x0000000000000401, R9 =0x0000000000000020, R10=0x0000000000400000, R11=0x000000000000006d
R12=0x0000000020e9c140, R13=0x0000000000000003, R14=0x0000000063ef0818, R15=0x000000001ea5be60
RIP=0x0000000063d7fbab, EFLAGS=0x0000000000010202

Top of Stack: (sp=0x000000001ea5bd68)
0x000000001ea5bd68:   0000000000000405 000000002391d218
0x000000001ea5bd78:   000000001ea5bde0 0000000000000001
0x000000001ea5bd88:   0000000022b33940 000000001df69270
0x000000001ea5bd98:   0000000000000008 0000000024e3eb80
0x000000001ea5bda8:   0000000000000008 0000000063f85e88
0x000000001ea5bdb8:   000000001df69270 0000000000000040
0x000000001ea5bdc8:   0000000024e3ea00 0000000000000000
0x000000001ea5bdd8:   0000000063e00a62 0000000000000000
0x000000001ea5bde8:   0000000063ef0818 00000000223a81a0
0x000000001ea5bdf8:   0000000000001550 0000000000001550
0x000000001ea5be08:   000000001ea5ebc0 000000001ea5be89
0x000000001ea5be18:   0000000063d83b7b 000000001ea5ebc0
0x000000001ea5be28:   0000000000000000 000000001df69270
0x000000001ea5be38:   0000000000000151 0000000024e3d4f0
0x000000001ea5be48:   0000000024e3e8d0 0000000024e3d380
0x000000001ea5be58:   000000001df69270 0000000000000004 

Instructions: (pc=0x0000000063d7fbab)
0x0000000063d7fb8b:   47 18 8b d1 49 8d 4f 18 ff 50 18 eb 24 49 8b 57
0x0000000063d7fb9b:   30 83 e1 1f 44 8b c0 41 b9 01 00 00 00 41 d3 e1
0x0000000063d7fbab:   8b 0c 82 8b c1 41 0b c9 41 23 c1 42 89 0c 82 75
0x0000000063d7fbbb:   a4 0f b6 43 2c 24 03 3c 03 0f 85 a0 00 00 00 48 


Register to memory mapping:

RAX=0x0000000000000401 is an unknown value
RBX=0x0000000020e9be64 is an unknown value
RCX=0x0000000000000005 is an unknown value
RDX=0x0000000000000000 is an unknown value
RSP=0x000000001ea5bd68 is pointing into the stack for thread: 0x000000001df77800
RBP=0x000000001ea5bde0 is pointing into the stack for thread: 0x000000001df77800
RSI=0x0000000000000002 is an unknown value
RDI=0x000000001ea5be40 is pointing into the stack for thread: 0x000000001df77800
R8 =0x0000000000000401 is an unknown value
R9 =0x0000000000000020 is an unknown value
R10=0x0000000000400000 is an unknown value
R11=0x000000000000006d is an unknown value
R12=0x0000000020e9c140 is an unknown value
R13=0x0000000000000003 is an unknown value
R14=0x0000000063ef0818 is an unknown value
R15=0x000000001ea5be60 is pointing into the stack for thread: 0x000000001df77800


Stack: [0x000000001e960000,0x000000001ea60000],  sp=0x000000001ea5bd68,  free space=1007k
Native frames: (J=compiled Java code, j=interpreted, Vv=VM code, C=native code)
V  [jvm.dll+0x46fbab]
C  0x000000001ea5be89


Current CompileTask:
C2:   8245 4887       4       com.sun.tools.javac.comp.Resolve::isAccessible (250 bytes)


---------------  P R O C E S S  ---------------

Java Threads: ( => current thread )
  0x000000001e012800 JavaThread "Service Thread" daemon [_thread_blocked, id=7048, stack(0x000000001eb60000,0x000000001ec60000)]
  0x000000001df7e800 JavaThread "C1 CompilerThread3" daemon [_thread_blocked, id=4088, stack(0x000000001ea60000,0x000000001eb60000)]
=>0x000000001df77800 JavaThread "C2 CompilerThread2" daemon [_thread_in_native, id=12228, stack(0x000000001e960000,0x000000001ea60000)]
  0x000000001df72000 JavaThread "C2 CompilerThread1" daemon [_thread_in_native, id=2604, stack(0x000000001e860000,0x000000001e960000)]
  0x000000001df6b800 JavaThread "C2 CompilerThread0" daemon [_thread_in_vm, id=1440, stack(0x000000001e760000,0x000000001e860000)]
  0x000000001df68000 JavaThread "Attach Listener" daemon [_thread_blocked, id=10260, stack(0x000000001e660000,0x000000001e760000)]
  0x000000001df67000 JavaThread "Signal Dispatcher" daemon [_thread_blocked, id=8984, stack(0x000000001e560000,0x000000001e660000)]
  0x000000001df60800 JavaThread "Finalizer" daemon [_thread_blocked, id=8848, stack(0x000000001e340000,0x000000001e440000)]
  0x0000000002557000 JavaThread "Reference Handler" daemon [_thread_blocked, id=8360, stack(0x000000001de40000,0x000000001df40000)]
  0x0000000002462800 JavaThread "main" [_thread_in_Java, id=7320, stack(0x0000000002330000,0x0000000002430000)]

Other Threads:
  0x000000001c037800 VMThread [stack: 0x000000001dd40000,0x000000001de40000] [id=10412]
  0x000000001dfc7800 WatcherThread [stack: 0x000000001ec60000,0x000000001ed60000] [id=6560]

VM state:not at safepoint (normal execution)

VM Mutex/Monitor currently owned by a thread: None

Heap:
 PSYoungGen      total 260608K, used 185444K [0x000000076ad00000, 0x0000000786480000, 0x00000007c0000000)
  eden space 230400K, 79% used [0x000000076ad00000,0x00000007760a03b8,0x0000000778e00000)
  from space 30208K, 4% used [0x0000000778e00000,0x0000000778f78fe0,0x000000077ab80000)
  to   space 63488K, 0% used [0x0000000782680000,0x0000000782680000,0x0000000786480000)
 ParOldGen       total 343040K, used 119806K [0x00000006c0600000, 0x00000006d5500000, 0x000000076ad00000)
  object space 343040K, 34% used [0x00000006c0600000,0x00000006c7affa50,0x00000006d5500000)
 Metaspace       used 22301K, capacity 22774K, committed 22960K, reserved 1069056K
  class space    used 2554K, capacity 2686K, committed 2736K, reserved 1048576K

Card table byte_map: [0x0000000011920000,0x0000000012120000] byte_map_base: 0x000000000e31d000

Marking Bits: (ParMarkBitMap*) 0x000000006412a6c0
 Begin Bits: [0x0000000012e80000, 0x0000000016e68000)
 End Bits:   [0x0000000016e68000, 0x000000001ae50000)

Polling page: 0x0000000000ab0000

CodeCache: size=245760Kb used=17549Kb max_used=17574Kb free=228210Kb
 bounds [0x0000000002560000, 0x00000000036b0000, 0x0000000011560000]
 total_blobs=4575 nmethods=4187 adapters=300
 compilation: enabled

Compilation events (10 events):
Event: 8.208 Thread 0x000000001df7e800 4888       3       com.sun.tools.javac.tree.JCTree$JCImport::accept (6 bytes)
Event: 8.208 Thread 0x000000001df7e800 nmethod 4888 0x0000000003661750 code [0x00000000036618c0, 0x0000000003661ae8]
Event: 8.216 Thread 0x000000001df7e800 4891       3       com.sun.tools.javac.code.Types$7::visitType (10 bytes)
Event: 8.216 Thread 0x000000001df7e800 nmethod 4891 0x00000000032aee10 code [0x00000000032aefe0, 0x00000000032af668]
Event: 8.216 Thread 0x000000001df7e800 4892       3       com.sun.tools.javac.code.Types$7::visitType (33 bytes)
Event: 8.216 Thread 0x000000001df7e800 nmethod 4892 0x000000000367c2d0 code [0x000000000367c480, 0x000000000367c9a8]
Event: 8.218 Thread 0x000000001df6b800 nmethod 4883 0x0000000003689090 code [0x00000000036892a0, 0x000000000368a328]
Event: 8.218 Thread 0x000000001df6b800 4889   !   4       com.sun.tools.javac.jvm.ClassReader::loadClass (68 bytes)
Event: 8.231 Thread 0x000000001df77800 nmethod 4827 0x00000000036933d0 code [0x0000000003693900, 0x0000000003699548]
Event: 8.231 Thread 0x000000001df77800 4887       4       com.sun.tools.javac.comp.Resolve::isAccessible (250 bytes)

GC Heap History (10 events):
Event: 3.989 GC heap before
{Heap before GC invocations=5 (full 0):
 PSYoungGen      total 141824K, used 37201K [0x000000076ad00000, 0x0000000774200000, 0x00000007c0000000)
  eden space 131072K, 20% used [0x000000076ad00000,0x000000076c6dc750,0x0000000772d00000)
  from space 10752K, 99% used [0x0000000773780000,0x00000007741f8020,0x0000000774200000)
  to   space 10752K, 0% used [0x0000000772d00000,0x0000000772d00000,0x0000000773780000)
 ParOldGen       total 175104K, used 5454K [0x00000006c0600000, 0x00000006cb100000, 0x000000076ad00000)
  object space 175104K, 3% used [0x00000006c0600000,0x00000006c0b53bf8,0x00000006cb100000)
 Metaspace       used 20787K, capacity 21270K, committed 21296K, reserved 1069056K
  class space    used 2467K, capacity 2590K, committed 2608K, reserved 1048576K
Event: 3.999 GC heap after
Heap after GC invocations=5 (full 0):
 PSYoungGen      total 141824K, used 10731K [0x000000076ad00000, 0x000000077c900000, 0x00000007c0000000)
  eden space 131072K, 0% used [0x000000076ad00000,0x000000076ad00000,0x0000000772d00000)
  from space 10752K, 99% used [0x0000000772d00000,0x000000077377ade0,0x0000000773780000)
  to   space 14336K, 0% used [0x000000077bb00000,0x000000077bb00000,0x000000077c900000)
 ParOldGen       total 175104K, used 6622K [0x00000006c0600000, 0x00000006cb100000, 0x000000076ad00000)
  object space 175104K, 3% used [0x00000006c0600000,0x00000006c0c77870,0x00000006cb100000)
 Metaspace       used 20787K, capacity 21270K, committed 21296K, reserved 1069056K
  class space    used 2467K, capacity 2590K, committed 2608K, reserved 1048576K
}
Event: 3.999 GC heap before
{Heap before GC invocations=6 (full 1):
 PSYoungGen      total 141824K, used 10731K [0x000000076ad00000, 0x000000077c900000, 0x00000007c0000000)
  eden space 131072K, 0% used [0x000000076ad00000,0x000000076ad00000,0x0000000772d00000)
  from space 10752K, 99% used [0x0000000772d00000,0x000000077377ade0,0x0000000773780000)
  to   space 14336K, 0% used [0x000000077bb00000,0x000000077bb00000,0x000000077c900000)
 ParOldGen       total 175104K, used 6622K [0x00000006c0600000, 0x00000006cb100000, 0x000000076ad00000)
  object space 175104K, 3% used [0x00000006c0600000,0x00000006c0c77870,0x00000006cb100000)
 Metaspace       used 20787K, capacity 21270K, committed 21296K, reserved 1069056K
  class space    used 2467K, capacity 2590K, committed 2608K, reserved 1048576K
Event: 4.062 GC heap after
Heap after GC invocations=6 (full 1):
 PSYoungGen      total 141824K, used 0K [0x000000076ad00000, 0x000000077c900000, 0x00000007c0000000)
  eden space 131072K, 0% used [0x000000076ad00000,0x000000076ad00000,0x0000000772d00000)
  from space 10752K, 0% used [0x0000000772d00000,0x0000000772d00000,0x0000000773780000)
  to   space 14336K, 0% used [0x000000077bb00000,0x000000077bb00000,0x000000077c900000)
 ParOldGen       total 119808K, used 14873K [0x00000006c0600000, 0x00000006c7b00000, 0x000000076ad00000)
  object space 119808K, 12% used [0x00000006c0600000,0x00000006c1486628,0x00000006c7b00000)
 Metaspace       used 20787K, capacity 21270K, committed 21296K, reserved 1069056K
  class space    used 2467K, capacity 2590K, committed 2608K, reserved 1048576K
}
Event: 5.094 GC heap before
{Heap before GC invocations=7 (full 1):
 PSYoungGen      total 141824K, used 131072K [0x000000076ad00000, 0x000000077c900000, 0x00000007c0000000)
  eden space 131072K, 100% used [0x000000076ad00000,0x0000000772d00000,0x0000000772d00000)
  from space 10752K, 0% used [0x0000000772d00000,0x0000000772d00000,0x0000000773780000)
  to   space 14336K, 0% used [0x000000077bb00000,0x000000077bb00000,0x000000077c900000)
 ParOldGen       total 119808K, used 14873K [0x00000006c0600000, 0x00000006c7b00000, 0x000000076ad00000)
  object space 119808K, 12% used [0x00000006c0600000,0x00000006c1486628,0x00000006c7b00000)
 Metaspace       used 21548K, capacity 22038K, committed 22192K, reserved 1069056K
  class space    used 2525K, capacity 2654K, committed 2736K, reserved 1048576K
Event: 5.126 GC heap after
Heap after GC invocations=7 (full 1):
 PSYoungGen      total 212992K, used 14327K [0x000000076ad00000, 0x000000077c900000, 0x00000007c0000000)
  eden space 198656K, 0% used [0x000000076ad00000,0x000000076ad00000,0x0000000776f00000)
  from space 14336K, 99% used [0x000000077bb00000,0x000000077c8fdd98,0x000000077c900000)
  to   space 30208K, 0% used [0x0000000778e00000,0x0000000778e00000,0x000000077ab80000)
 ParOldGen       total 119808K, used 41519K [0x00000006c0600000, 0x00000006c7b00000, 0x000000076ad00000)
  object space 119808K, 34% used [0x00000006c0600000,0x00000006c2e8bf10,0x00000006c7b00000)
 Metaspace       used 21548K, capacity 22038K, committed 22192K, reserved 1069056K
  class space    used 2525K, capacity 2654K, committed 2736K, reserved 1048576K
}
Event: 6.184 GC heap before
{Heap before GC invocations=8 (full 1):
 PSYoungGen      total 212992K, used 212983K [0x000000076ad00000, 0x000000077c900000, 0x00000007c0000000)
  eden space 198656K, 100% used [0x000000076ad00000,0x0000000776f00000,0x0000000776f00000)
  from space 14336K, 99% used [0x000000077bb00000,0x000000077c8fdd98,0x000000077c900000)
  to   space 30208K, 0% used [0x0000000778e00000,0x0000000778e00000,0x000000077ab80000)
 ParOldGen       total 119808K, used 41519K [0x00000006c0600000, 0x00000006c7b00000, 0x000000076ad00000)
  object space 119808K, 34% used [0x00000006c0600000,0x00000006c2e8bf10,0x00000006c7b00000)
 Metaspace       used 21643K, capacity 22102K, committed 22192K, reserved 1069056K
  class space    used 2531K, capacity 2654K, committed 2736K, reserved 1048576K
Event: 6.245 GC heap after
Heap after GC invocations=8 (full 1):
 PSYoungGen      total 260608K, used 30204K [0x000000076ad00000, 0x0000000786480000, 0x00000007c0000000)
  eden space 230400K, 0% used [0x000000076ad00000,0x000000076ad00000,0x0000000778e00000)
  from space 30208K, 99% used [0x0000000778e00000,0x000000077ab7f330,0x000000077ab80000)
  to   space 63488K, 0% used [0x0000000782680000,0x0000000782680000,0x0000000786480000)
 ParOldGen       total 119808K, used 98358K [0x00000006c0600000, 0x00000006c7b00000, 0x000000076ad00000)
  object space 119808K, 82% used [0x00000006c0600000,0x00000006c660da20,0x00000006c7b00000)
 Metaspace       used 21643K, capacity 22102K, committed 22192K, reserved 1069056K
  class space    used 2531K, capacity 2654K, committed 2736K, reserved 1048576K
}
Event: 6.245 GC heap before
{Heap before GC invocations=9 (full 2):
 PSYoungGen      total 260608K, used 30204K [0x000000076ad00000, 0x0000000786480000, 0x00000007c0000000)
  eden space 230400K, 0% used [0x000000076ad00000,0x000000076ad00000,0x0000000778e00000)
  from space 30208K, 99% used [0x0000000778e00000,0x000000077ab7f330,0x000000077ab80000)
  to   space 63488K, 0% used [0x0000000782680000,0x0000000782680000,0x0000000786480000)
 ParOldGen       total 119808K, used 98358K [0x00000006c0600000, 0x00000006c7b00000, 0x000000076ad00000)
  object space 119808K, 82% used [0x00000006c0600000,0x00000006c660da20,0x00000006c7b00000)
 Metaspace       used 21643K, capacity 22102K, committed 22192K, reserved 1069056K
  class space    used 2531K, capacity 2654K, committed 2736K, reserved 1048576K
Event: 6.683 GC heap after
Heap after GC invocations=9 (full 2):
 PSYoungGen      total 260608K, used 1507K [0x000000076ad00000, 0x0000000786480000, 0x00000007c0000000)
  eden space 230400K, 0% used [0x000000076ad00000,0x000000076ad00000,0x0000000778e00000)
  from space 30208K, 4% used [0x0000000778e00000,0x0000000778f78fe0,0x000000077ab80000)
  to   space 63488K, 0% used [0x0000000782680000,0x0000000782680000,0x0000000786480000)
 ParOldGen       total 343040K, used 119806K [0x00000006c0600000, 0x00000006d5500000, 0x000000076ad00000)
  object space 343040K, 34% used [0x00000006c0600000,0x00000006c7affa50,0x00000006d5500000)
 Metaspace       used 21643K, capacity 22102K, committed 22192K, reserved 1069056K
  class space    used 2531K, capacity 2654K, committed 2736K, reserved 1048576K
}

Deoptimization events (10 events):
Event: 7.952 Thread 0x0000000002462800 Uncommon trap: reason=unstable_if action=reinterpret pc=0x00000000033ab4d8 method=com.sun.tools.javac.util.Convert.utf2chars([BI[CII)I @ 37
Event: 7.975 Thread 0x0000000002462800 Uncommon trap: reason=class_check action=maybe_recompile pc=0x00000000028a7ac4 method=com.sun.tools.javac.comp.MemberEnter.importNamed(Lcom/sun/tools/javac/util/JCDiagnostic$DiagnosticPosition;Lcom/sun/tools/javac/code/Symbol;Lcom/sun/tools/javac/comp/Env
Event: 7.983 Thread 0x0000000002462800 Uncommon trap: reason=unstable_if action=reinterpret pc=0x00000000027d8490 method=com.sun.tools.javac.code.Scope.dble()V @ 44
Event: 8.065 Thread 0x0000000002462800 Uncommon trap: reason=unstable_if action=reinterpret pc=0x000000000327e680 method=com.sun.tools.javac.jvm.ClassReader.classSigToType()Lcom/sun/tools/javac/code/Type; @ 148
Event: 8.153 Thread 0x0000000002462800 Uncommon trap: reason=unstable_if action=reinterpret pc=0x00000000032f0210 method=com.sun.tools.javac.code.Types$18.visitClassType(Lcom/sun/tools/javac/code/Type$ClassType;Ljava/lang/Void;)Lcom/sun/tools/javac/code/Type; @ 4
Event: 8.154 Thread 0x0000000002462800 Uncommon trap: reason=unloaded action=reinterpret pc=0x0000000002d20928 method=com.sun.tools.javac.jvm.ClassReader.readPool(I)Ljava/lang/Object; @ 436
Event: 8.154 Thread 0x0000000002462800 Uncommon trap: reason=unstable_if action=reinterpret pc=0x0000000002cad2e0 method=com.sun.tools.javac.code.Types$18.visitClassType(Lcom/sun/tools/javac/code/Type$ClassType;Ljava/lang/Void;)Lcom/sun/tools/javac/code/Type; @ 4
Event: 8.154 Thread 0x0000000002462800 Uncommon trap: reason=unstable_if action=reinterpret pc=0x0000000002881720 method=com.sun.tools.javac.code.Types$18.visitClassType(Lcom/sun/tools/javac/code/Type$ClassType;Ljava/lang/Void;)Lcom/sun/tools/javac/code/Type; @ 4
Event: 8.201 Thread 0x0000000002462800 Uncommon trap: reason=unstable_if action=reinterpret pc=0x000000000366dc80 method=com.sun.tools.javac.comp.Check.checkUniqueImport(Lcom/sun/tools/javac/util/JCDiagnostic$DiagnosticPosition;Lcom/sun/tools/javac/code/Symbol;Lcom/sun/tools/javac/code/Scope;Z
Event: 8.202 Thread 0x0000000002462800 Uncommon trap: reason=unstable_if action=reinterpret pc=0x00000000034aabc8 method=com.sun.tools.javac.comp.Resolve.findGlobalType(Lcom/sun/tools/javac/comp/Env;Lcom/sun/tools/javac/code/Scope;Lcom/sun/tools/javac/util/Name;)Lcom/sun/tools/javac/code/Symbo

Internal exceptions (10 events):
Event: 4.251 Thread 0x0000000002462800 Exception <a 'java/security/PrivilegedActionException'> (0x000000076cc28530) thrown at [C:\re\workspace\8-2-build-windows-amd64-cygwin\jdk8u111\7883\hotspot\src\share\vm\prims\jvm.cpp, line 1386]
Event: 4.251 Thread 0x0000000002462800 Exception <a 'java/security/PrivilegedActionException'> (0x000000076cc28928) thrown at [C:\re\workspace\8-2-build-windows-amd64-cygwin\jdk8u111\7883\hotspot\src\share\vm\prims\jvm.cpp, line 1386]
Event: 6.710 Thread 0x0000000002462800 Exception <a 'java/io/FileNotFoundException'> (0x000000076b1bbf08) thrown at [C:\re\workspace\8-2-build-windows-amd64-cygwin\jdk8u111\7883\hotspot\src\share\vm\prims\jni.cpp, line 709]
Event: 6.713 Thread 0x0000000002462800 Exception <a 'java/io/FileNotFoundException'> (0x000000076b1f0078) thrown at [C:\re\workspace\8-2-build-windows-amd64-cygwin\jdk8u111\7883\hotspot\src\share\vm\prims\jni.cpp, line 709]
Event: 6.765 Thread 0x0000000002462800 Exception <a 'java/io/FileNotFoundException'> (0x000000076ba06948) thrown at [C:\re\workspace\8-2-build-windows-amd64-cygwin\jdk8u111\7883\hotspot\src\share\vm\prims\jni.cpp, line 709]
Event: 6.765 Thread 0x0000000002462800 Exception <a 'java/io/FileNotFoundException'> (0x000000076ba079d0) thrown at [C:\re\workspace\8-2-build-windows-amd64-cygwin\jdk8u111\7883\hotspot\src\share\vm\prims\jni.cpp, line 709]
Event: 6.769 Thread 0x0000000002462800 Exception <a 'java/io/FileNotFoundException'> (0x000000076ba86470) thrown at [C:\re\workspace\8-2-build-windows-amd64-cygwin\jdk8u111\7883\hotspot\src\share\vm\prims\jni.cpp, line 709]
Event: 6.769 Thread 0x0000000002462800 Exception <a 'java/io/FileNotFoundException'> (0x000000076ba87398) thrown at [C:\re\workspace\8-2-build-windows-amd64-cygwin\jdk8u111\7883\hotspot\src\share\vm\prims\jni.cpp, line 709]
Event: 6.769 Thread 0x0000000002462800 Exception <a 'java/io/FileNotFoundException'> (0x000000076ba882b8) thrown at [C:\re\workspace\8-2-build-windows-amd64-cygwin\jdk8u111\7883\hotspot\src\share\vm\prims\jni.cpp, line 709]
Event: 6.770 Thread 0x0000000002462800 Exception <a 'java/io/FileNotFoundException'> (0x000000076ba92e60) thrown at [C:\re\workspace\8-2-build-windows-amd64-cygwin\jdk8u111\7883\hotspot\src\share\vm\prims\jni.cpp, line 709]

Events (10 events):
Event: 8.154 Thread 0x0000000002462800 DEOPT PACKING pc=0x0000000002881720 sp=0x000000000242d3e0
Event: 8.154 Thread 0x0000000002462800 DEOPT UNPACKING pc=0x00000000025a582a sp=0x000000000242d370 mode 2
Event: 8.201 Thread 0x0000000002462800 Uncommon trap: trap_request=0xffffff65 fr.pc=0x000000000366dc80
Event: 8.201 Thread 0x0000000002462800 DEOPT PACKING pc=0x000000000366dc80 sp=0x000000000242d7d0
Event: 8.201 Thread 0x0000000002462800 DEOPT UNPACKING pc=0x00000000025a582a sp=0x000000000242d5c8 mode 2
Event: 8.202 Thread 0x0000000002462800 Uncommon trap: trap_request=0xffffff65 fr.pc=0x00000000034aabc8
Event: 8.202 Thread 0x0000000002462800 DEOPT PACKING pc=0x00000000034aabc8 sp=0x000000000242d090
Event: 8.202 Thread 0x0000000002462800 DEOPT UNPACKING pc=0x00000000025a582a sp=0x000000000242d088 mode 2
Event: 8.218 Thread 0x0000000002462800 DEOPT PACKING pc=0x0000000002f88457 sp=0x000000000242cc80
Event: 8.218 Thread 0x0000000002462800 DEOPT UNPACKING pc=0x00000000025a787f sp=0x000000000242ca80 mode 0


Dynamic libraries:
0x00007ff7ad930000 - 0x00007ff7ad967000 	C:\Program Files\Java\jdk1.8.0_111\bin\java.exe
0x00007ffe75190000 - 0x00007ffe75385000 	C:\Windows\SYSTEM32\ntdll.dll
0x00007ffe74860000 - 0x00007ffe7491d000 	C:\Windows\System32\KERNEL32.DLL
0x00007ffe72a20000 - 0x00007ffe72ce8000 	C:\Windows\System32\KERNELBASE.dll
0x00007ffe74950000 - 0x00007ffe749fc000 	C:\Windows\System32\ADVAPI32.dll
0x00007ffe74f40000 - 0x00007ffe74fde000 	C:\Windows\System32\msvcrt.dll
0x00007ffe74ea0000 - 0x00007ffe74f3b000 	C:\Windows\System32\sechost.dll
0x00007ffe73cb0000 - 0x00007ffe73ddb000 	C:\Windows\System32\RPCRT4.dll
0x00007ffe746c0000 - 0x00007ffe74860000 	C:\Windows\System32\USER32.dll
0x00007ffe72cf0000 - 0x00007ffe72d12000 	C:\Windows\System32\win32u.dll
0x00007ffe74920000 - 0x00007ffe7494a000 	C:\Windows\System32\GDI32.dll
0x00007ffe72d50000 - 0x00007ffe72e5b000 	C:\Windows\System32\gdi32full.dll
0x00007ffe72980000 - 0x00007ffe72a1d000 	C:\Windows\System32\msvcp_win.dll
0x00007ffe72f30000 - 0x00007ffe73030000 	C:\Windows\System32\ucrtbase.dll
0x00007ffe5f070000 - 0x00007ffe5f30a000 	C:\Windows\WinSxS\amd64_microsoft.windows.common-controls_6595b64144ccf1df_6.0.19041.844_none_ca00b6081b84eb1d\COMCTL32.dll
0x00007ffe74fe0000 - 0x00007ffe75010000 	C:\Windows\System32\IMM32.DLL
0x0000000063830000 - 0x0000000063902000 	C:\Program Files\Java\jdk1.8.0_111\jre\bin\msvcr100.dll
0x0000000063910000 - 0x00000000641aa000 	C:\Program Files\Java\jdk1.8.0_111\jre\bin\server\jvm.dll
0x00007ffe73ca0000 - 0x00007ffe73ca8000 	C:\Windows\System32\PSAPI.DLL
0x00007ffe6cba0000 - 0x00007ffe6cbaa000 	C:\Windows\SYSTEM32\VERSION.dll
0x00007ffe61db0000 - 0x00007ffe61db9000 	C:\Windows\SYSTEM32\WSOCK32.dll
0x00007ffe67300000 - 0x00007ffe67327000 	C:\Windows\SYSTEM32\WINMM.dll
0x00007ffe75010000 - 0x00007ffe7507b000 	C:\Windows\System32\WS2_32.dll
0x00000000637e0000 - 0x00000000637ef000 	C:\Program Files\Java\jdk1.8.0_111\jre\bin\verify.dll
0x00000000637b0000 - 0x00000000637d9000 	C:\Program Files\Java\jdk1.8.0_111\jre\bin\java.dll
0x0000000063790000 - 0x00000000637a6000 	C:\Program Files\Java\jdk1.8.0_111\jre\bin\zip.dll
0x00007ffe73f70000 - 0x00007ffe746b2000 	C:\Windows\System32\SHELL32.dll
0x00007ffe70a40000 - 0x00007ffe711d0000 	C:\Windows\SYSTEM32\windows.storage.dll
0x00007ffe74b40000 - 0x00007ffe74e95000 	C:\Windows\System32\combase.dll
0x00007ffe72270000 - 0x00007ffe7229c000 	C:\Windows\SYSTEM32\Wldp.dll
0x00007ffe73a70000 - 0x00007ffe73b1e000 	C:\Windows\System32\SHCORE.dll
0x00007ffe73b20000 - 0x00007ffe73b75000 	C:\Windows\System32\shlwapi.dll
0x00007ffe72810000 - 0x00007ffe7282f000 	C:\Windows\SYSTEM32\profapi.dll
0x00007ffe6b070000 - 0x00007ffe6b07a000 	C:\apache-maven-3.6.3-bin\apache-maven-3.6.3\lib\jansi-native\windows64\jansi.dll
0x0000000063770000 - 0x000000006378a000 	C:\Program Files\Java\jdk1.8.0_111\jre\bin\net.dll
0x00007ffe71fe0000 - 0x00007ffe7204a000 	C:\Windows\system32\mswsock.dll
0x0000000063750000 - 0x0000000063761000 	C:\Program Files\Java\jdk1.8.0_111\jre\bin\nio.dll
0x00007ffe6cf70000 - 0x00007ffe6d154000 	C:\Windows\SYSTEM32\dbghelp.dll
0x00007ffe72e60000 - 0x00007ffe72ee0000 	C:\Windows\System32\bcryptPrimitives.dll

VM Arguments:
jvm_args: -Dclassworlds.conf=C:\apache-maven-3.6.3-bin\apache-maven-3.6.3\bin\..\bin\m2.conf -Dmaven.home=C:\apache-maven-3.6.3-bin\apache-maven-3.6.3\bin\.. -Dlibrary.jansi.path=C:\apache-maven-3.6.3-bin\apache-maven-3.6.3\bin\..\lib\jansi-native -Dmaven.multiModuleProjectDirectory=E:\CAROL\PROYECTOS\ShrimpSoftServer 
java_command: org.codehaus.plexus.classworlds.launcher.Launcher -Dnetbeans.deploy.debugmode=true -Dnetbeans.deploy=true -Dmaven.ext.class.path=C:\Program Files\NetBeans 8.2 RC\java\maven-nblib\netbeans-eventspy.jar -Dfile.encoding=UTF-8 package
java_class_path (initial): C:\apache-maven-3.6.3-bin\apache-maven-3.6.3\bin\..\boot\plexus-classworlds-2.6.0.jar
Launcher Type: SUN_STANDARD

Environment Variables:
JAVA_HOME=C:\Program Files\Java\jdk1.8.0_111
PATH=C:\Program Files (x86)\Common Files\Oracle\Java\javapath;C:\ProgramData\Oracle\Java\javapath;C:\Windows\system32;C:\Windows;C:\Windows\System32\Wbem;C:\Windows\System32\WindowsPowerShell\v1.0\;C:\Windows\System32\OpenSSH\;C:\Program Files\Git\cmd;C:\Program Files\nodejs\;C:\apache-maven-3.6.3-bin\apache-maven-3.6.3\bin;C:\apache-maven-3.6.3-bin\apache-maven-3.6.3\bin;C:\Program Files\dotnet\;C:\Users\VALDIVIEZO\AppData\Local\Microsoft\WindowsApps;C:\Users\VALDIVIEZO\AppData\Local\Programs\Microsoft VS Code\bin;C:\Users\VALDIVIEZO\AppData\Roaming\npm;C:\Program Files\PostgreSQL\9.5\bin;C:\Users\VALDIVIEZO\.dotnet\tools
USERNAME=VALDIVIEZO
OS=Windows_NT
PROCESSOR_IDENTIFIER=Intel64 Family 6 Model 58 Stepping 9, GenuineIntel



---------------  S Y S T E M  ---------------

OS: Windows 10.0 , 64 bit Build 19041 (10.0.19041.928)

CPU:total 8 (4 cores per cpu, 2 threads per core) family 6 model 58 stepping 9, cmov, cx8, fxsr, mmx, sse, sse2, sse3, ssse3, sse4.1, sse4.2, popcnt, avx, aes, clmul, erms, ht, tsc, tscinvbit, tscinv

Memory: 4k page, physical 16745320k(8855440k free), swap 23036776k(13724508k free)

vm_info: Java HotSpot(TM) 64-Bit Server VM (25.111-b14) for windows-amd64 JRE (1.8.0_111-b14), built on Sep 22 2016 19:24:05 by "java_re" with MS VC++ 10.0 (VS2010)

time: Tue Jun 01 09:35:18 2021
elapsed time: 8 seconds (0d 0h 0m 8s)

